\BOOKMARK [-1][-]{part.1}{I\040Group\040Theory}{}% 1
\BOOKMARK [0][-]{chapter.1}{Introduction\040to\040Groups}{part.1}% 2
\BOOKMARK [1][-]{section.1.1}{Groups}{chapter.1}% 3
\BOOKMARK [1][-]{section.1.2}{Dihedral\040Groups}{chapter.1}% 4
\BOOKMARK [1][-]{section.1.3}{Permutatation\040Groups}{chapter.1}% 5
\BOOKMARK [0][-]{chapter.2}{Subgroups\040and\040Homomorphisms}{part.1}% 6
\BOOKMARK [1][-]{section.2.1}{Subgroups}{chapter.2}% 7
\BOOKMARK [1][-]{section.2.2}{Subgroups\040Generated\040by\040a\040Set}{chapter.2}% 8
\BOOKMARK [1][-]{section.2.3}{Cyclic\040Groups}{chapter.2}% 9
\BOOKMARK [1][-]{section.2.4}{Homomorphisms}{chapter.2}% 10
\BOOKMARK [1][-]{section.2.5}{Isomorphisms}{chapter.2}% 11
\BOOKMARK [0][-]{chapter.3}{Cosets\040and\040Product\040Groups}{part.1}% 12
\BOOKMARK [1][-]{section.3.1}{Cosets\040and\040Lagrange's\040Theorem}{chapter.3}% 13
\BOOKMARK [1][-]{section.3.2}{Normal\040Subgroups}{chapter.3}% 14
\BOOKMARK [1][-]{section.3.3}{Product\040Groups}{chapter.3}% 15
\BOOKMARK [0][-]{chapter.4}{Quotient\040Groups}{part.1}% 16
\BOOKMARK [1][-]{section.4.1}{Quotient\040Groups}{chapter.4}% 17
\BOOKMARK [1][-]{section.4.2}{The\040Isomorphism\040Theorems}{chapter.4}% 18
\BOOKMARK [0][-]{chapter.5}{Group\040Actions}{part.1}% 19
\BOOKMARK [1][-]{section.5.1}{Group\040Actions}{chapter.5}% 20
\BOOKMARK [1][-]{section.5.2}{Permutation\040Representations}{chapter.5}% 21
\BOOKMARK [1][-]{section.5.3}{Orbit}{chapter.5}% 22
\BOOKMARK [1][-]{section.5.4}{Conjugation}{chapter.5}% 23
\BOOKMARK [0][-]{chapter.6}{Classification\040of\040Groups}{part.1}% 24
\BOOKMARK [1][-]{section.6.1}{Classification\040of\040Groups}{chapter.6}% 25
\BOOKMARK [1][-]{section.6.2}{Classification\040of\040Finite\040Abelian\040Groups}{chapter.6}% 26
\BOOKMARK [1][-]{section.6.3}{Free\040Groups\040and\040Finite\040Generated\040Groups}{chapter.6}% 27
\BOOKMARK [-1][-]{part.2}{II\040Ring\040Theory}{}% 28
\BOOKMARK [0][-]{chapter.7}{Rings}{part.2}% 29
\BOOKMARK [1][-]{section.7.1}{Rings}{chapter.7}% 30
\BOOKMARK [1][-]{section.7.2}{Fields}{chapter.7}% 31
\BOOKMARK [1][-]{section.7.3}{Subrings}{chapter.7}% 32
\BOOKMARK [1][-]{section.7.4}{Ring\040Homomorphisms}{chapter.7}% 33
\BOOKMARK [1][-]{section.7.5}{Polynomial\040Rings}{chapter.7}% 34
\BOOKMARK [1][-]{section.7.6}{Group\040Rings}{chapter.7}% 35
\BOOKMARK [0][-]{chapter.8}{Ideals\040and\040Quotient\040Rings}{part.2}% 36
\BOOKMARK [1][-]{section.8.1}{Ideals}{chapter.8}% 37
\BOOKMARK [1][-]{section.8.2}{Quotient\040Rings}{chapter.8}% 38
\BOOKMARK [1][-]{section.8.3}{Ideals\040Generated\040by\040a\040Subset}{chapter.8}% 39
\BOOKMARK [1][-]{section.8.4}{Isomorphism\040Theorems\040for\040Rings}{chapter.8}% 40
\BOOKMARK [1][-]{section.8.5}{A\040Construction\040of\040Complex\040Numbers}{chapter.8}% 41
\BOOKMARK [0][-]{chapter.9}{Maximal\040and\040Prime\040Ideals}{part.2}% 42
\BOOKMARK [1][-]{section.9.1}{Maximal\040Ideals}{chapter.9}% 43
\BOOKMARK [1][-]{section.9.2}{Integral\040Domains}{chapter.9}% 44
\BOOKMARK [1][-]{section.9.3}{Prime\040Ideals}{chapter.9}% 45
\BOOKMARK [0][-]{chapter.10}{Fields\040of\040Fractions}{part.2}% 46
\BOOKMARK [1][-]{section.10.1}{Fields\040of\040Fractions}{chapter.10}% 47
\BOOKMARK [1][-]{section.10.2}{Product\040Ideals}{chapter.10}% 48
\BOOKMARK [1][-]{section.10.3}{Generalized\040Chinese\040Remainder\040Theorem}{chapter.10}% 49
\BOOKMARK [0][-]{chapter.11}{PIDs\040and\040UFDs}{part.2}% 50
\BOOKMARK [1][-]{section.11.1}{Divisors\040and\040Greatest\040Common\040Divisors}{chapter.11}% 51
\BOOKMARK [1][-]{section.11.2}{Principal\040Ideal\040Domains}{chapter.11}% 52
\BOOKMARK [1][-]{section.11.3}{Primes\040and\040Irreducibles}{chapter.11}% 53
\BOOKMARK [1][-]{section.11.4}{Unique\040Factorizations}{chapter.11}% 54
\BOOKMARK [0][-]{chapter.12}{Polynomial\040Rings}{part.2}% 55
\BOOKMARK [1][-]{section.12.1}{Irreducible\040Polynomials}{chapter.12}% 56
